<?xml version="1.0" encoding="UTF-8"?>
<!-- Generated by org.testng.reporters.JUnitReportReporter -->
<testsuite hostname="jeelaniBasha" failures="0" tests="1" name="TestCases.TC001_HomePage" time="24.990" errors="0" timestamp="2024-08-03T16:25:25 IST" skipped="0">
  <testcase classname="TestCases.TC001_HomePage" name="RevenueCalculator" time="24.990"/>
</testsuite> <!-- TestCases.TC001_HomePage -->
