<?xml version="1.0" encoding="UTF-8"?>
<!-- Generated by org.testng.reporters.JUnitReportReporter -->
<testsuite hostname="jeelaniBasha" failures="0" tests="1" name="TestBase.TC001_HomePage" time="25.088" errors="0" timestamp="2024-08-03T16:11:02 IST" skipped="0">
  <testcase classname="TestBase.TC001_HomePage" name="RevenueCalculator" time="25.088"/>
</testsuite> <!-- TestBase.TC001_HomePage -->
